Performing C SOURCE FILE Test CMAKE_HAVE_LIBC_PTHREAD failed with the following output:
Change Dir: /home/neo/RoboMaster2021-HNU-YueLuRm-Vision/build/CMakeFiles/CMakeTmp

Run Build Command(s):/usr/bin/make cmTC_9df24/fast && /usr/bin/make -f CMakeFiles/cmTC_9df24.dir/build.make CMakeFiles/cmTC_9df24.dir/build
make[1]: 进入目录“/home/neo/RoboMaster2021-HNU-YueLuRm-Vision/build/CMakeFiles/CMakeTmp”
Building C object CMakeFiles/cmTC_9df24.dir/src.c.o
/bin/x86_64-linux-gnu-gcc-9   -DCMAKE_HAVE_LIBC_PTHREAD   -o CMakeFiles/cmTC_9df24.dir/src.c.o   -c /home/neo/RoboMaster2021-HNU-YueLuRm-Vision/build/CMakeFiles/CMakeTmp/src.c
Linking C executable cmTC_9df24
/usr/bin/cmake -E cmake_link_script CMakeFiles/cmTC_9df24.dir/link.txt --verbose=1
/bin/x86_64-linux-gnu-gcc-9  -DCMAKE_HAVE_LIBC_PTHREAD    CMakeFiles/cmTC_9df24.dir/src.c.o  -o cmTC_9df24 
/usr/bin/ld: CMakeFiles/cmTC_9df24.dir/src.c.o: in function `main':
src.c:(.text+0x46): undefined reference to `pthread_create'
/usr/bin/ld: src.c:(.text+0x52): undefined reference to `pthread_detach'
/usr/bin/ld: src.c:(.text+0x63): undefined reference to `pthread_join'
collect2: error: ld returned 1 exit status
make[1]: *** [CMakeFiles/cmTC_9df24.dir/build.make:87：cmTC_9df24] 错误 1
make[1]: 离开目录“/home/neo/RoboMaster2021-HNU-YueLuRm-Vision/build/CMakeFiles/CMakeTmp”
make: *** [Makefile:121：cmTC_9df24/fast] 错误 2


Source file was:
#include <pthread.h>

void* test_func(void* data)
{
  return data;
}

int main(void)
{
  pthread_t thread;
  pthread_create(&thread, NULL, test_func, NULL);
  pthread_detach(thread);
  pthread_join(thread, NULL);
  pthread_atfork(NULL, NULL, NULL);
  pthread_exit(NULL);

  return 0;
}

